-------------------------------------------------------------------------------
Test set: com.vytrack.runners.CukesRunner
-------------------------------------------------------------------------------
Tests run: 1, Failures: 1, Errors: 0, Skipped: 0, Time elapsed: 24.901 s <<< FAILURE! - in com.vytrack.runners.CukesRunner
Verify Create Calender Event(Contacts page)  Time elapsed: 24.376 s  <<< FAILURE!
java.lang.AssertionError

